<?xml version="1.0" encoding="UTF-8"?>
<!-- Generated by org.testng.reporters.JUnitXMLReporter -->
<testsuite ignored="0" hostname="Tanveer" failures="2" tests="15" name="Surefire test" time="7.622" errors="0" timestamp="2024-03-19T22:27:24 IST">
  <testcase classname="com.ecom.project.test.IndexTest" name="checkCurrency" time="1.952"/>
  <testcase classname="com.ecom.project.test.IndexTest" name="verifySiteMapPage" time="0.681">
    <failure type="java.lang.AssertionError" message="expected [nopCommerce demo store] but found [nopCommerce demo store. Sitemap]">
      <![CDATA[java.lang.AssertionError: expected [nopCommerce demo store] but found [nopCommerce demo store. Sitemap]
at com.ecom.project.test.IndexTest.verifySiteMapPage(IndexTest.java:32)
at java.base/java.util.ArrayList.forEach(ArrayList.java:1596)
... Removed 36 stack frames]]>
    </failure>
  </testcase> <!-- verifySiteMapPage -->
  <testcase classname="com.ecom.project.test.IndexTest" name="verifyShipAndReturnsPage" time="0.882">
    <failure type="java.lang.AssertionError" message="expected [nopCommerce demo store] but found [nopCommerce demo store. Shipping &amp;amp; returns]">
      <![CDATA[java.lang.AssertionError: expected [nopCommerce demo store] but found [nopCommerce demo store. Shipping & returns]
at com.ecom.project.test.IndexTest.verifyShipAndReturnsPage(IndexTest.java:39)
at java.base/java.util.ArrayList.forEach(ArrayList.java:1596)
... Removed 36 stack frames]]>
    </failure>
  </testcase> <!-- verifyShipAndReturnsPage -->
  <testcase classname="com.ecom.project.test.RegisterTest" name="clickOnRegister" time="0.808"/>
  <testcase classname="com.ecom.project.test.RegisterTest" name="clickOnVerifyGenderFemale" time="0.24"/>
  <testcase classname="com.ecom.project.test.RegisterTest" name="fname" time="0.207"/>
  <testcase classname="com.ecom.project.test.RegisterTest" name="lname" time="0.13"/>
  <testcase classname="com.ecom.project.test.RegisterTest" name="checkDay" time="0.425"/>
  <testcase classname="com.ecom.project.test.RegisterTest" name="checkMonth" time="0.524"/>
  <testcase classname="com.ecom.project.test.RegisterTest" name="checkYear" time="0.38"/>
  <testcase classname="com.ecom.project.test.RegisterTest" name="checkOnEmail" time="0.342"/>
  <testcase classname="com.ecom.project.test.RegisterTest" name="checkOnCompany" time="0.211"/>
  <testcase classname="com.ecom.project.test.RegisterTest" name="checkOnCheckBox" time="0.196"/>
  <testcase classname="com.ecom.project.test.RegisterTest" name="password" time="0.128"/>
  <testcase classname="com.ecom.project.test.RegisterTest" name="checkOnConfirmPass" time="0.113"/>
</testsuite> <!-- Surefire test -->
